<?xml version="1.0" encoding="UTF-8"?>
<testsuite name="com.exercicio.ExercicioJpaTest" tests="1" skipped="0" failures="1" errors="0" timestamp="2022-08-15T11:11:57" hostname="BR0C02FJ9CMMD6M" time="0.0">
  <properties/>
  <testcase name="initializationError" classname="com.exercicio.ExercicioJpaTest" time="0.0">
    <failure message="io.micronaut.context.exceptions.BeanInstantiationException: Bean definition [org.hibernate.SessionFactory] could not be loaded: Error instantiating bean of type  [org.hibernate.boot.SessionFactoryBuilder]&#10;&#10;Message: Entities not found for JPA configuration: 'default' within packages [org.junit.jupiter.engine.descriptor,com.exercicio]. Check that you have correctly specified a package containing JPA entities within the &quot;jpa.default.entity-scan.packages&quot; property in your application configuration and that those entities are either compiled with Micronaut or a build time index produced with @Introspected(packages=&quot;foo.bar&quot;, includedAnnotations=Entity.class) declared on your Application class&#10;Path Taken: SessionFactory.buildHibernateSessionFactoryBuilder(SessionFactoryBuilder sessionFactoryBuilder) --&gt; SessionFactory.buildHibernateSessionFactoryBuilder([SessionFactoryBuilder sessionFactoryBuilder]) --&gt; SessionFactoryBuilder.buildHibernateSessionFactoryBuilder([Metadata metadata],JpaConfiguration jpaConfiguration,String name)" type="io.micronaut.context.exceptions.BeanInstantiationException">io.micronaut.context.exceptions.BeanInstantiationException: Bean definition [org.hibernate.SessionFactory] could not be loaded: Error instantiating bean of type  [org.hibernate.boot.SessionFactoryBuilder]

Message: Entities not found for JPA configuration: 'default' within packages [org.junit.jupiter.engine.descriptor,com.exercicio]. Check that you have correctly specified a package containing JPA entities within the &quot;jpa.default.entity-scan.packages&quot; property in your application configuration and that those entities are either compiled with Micronaut or a build time index produced with @Introspected(packages=&quot;foo.bar&quot;, includedAnnotations=Entity.class) declared on your Application class
Path Taken: SessionFactory.buildHibernateSessionFactoryBuilder(SessionFactoryBuilder sessionFactoryBuilder) --&gt; SessionFactory.buildHibernateSessionFactoryBuilder([SessionFactoryBuilder sessionFactoryBuilder]) --&gt; SessionFactoryBuilder.buildHibernateSessionFactoryBuilder([Metadata metadata],JpaConfiguration jpaConfiguration,String name)
	at app//io.micronaut.context.DefaultBeanContext.initializeContext(DefaultBeanContext.java:1921)
	at app//io.micronaut.context.DefaultApplicationContext.initializeContext(DefaultApplicationContext.java:245)
	at app//io.micronaut.context.DefaultBeanContext.readAllBeanDefinitionClasses(DefaultBeanContext.java:3326)
	at app//io.micronaut.context.DefaultBeanContext.finalizeConfiguration(DefaultBeanContext.java:3684)
	at app//io.micronaut.context.DefaultBeanContext.start(DefaultBeanContext.java:341)
	at app//io.micronaut.context.DefaultApplicationContext.start(DefaultApplicationContext.java:190)
	at app//io.micronaut.test.extensions.AbstractMicronautExtension.startApplicationContext(AbstractMicronautExtension.java:433)
	at app//io.micronaut.test.extensions.AbstractMicronautExtension.beforeClass(AbstractMicronautExtension.java:314)
	at app//io.micronaut.test.extensions.junit5.MicronautJunit5Extension.beforeAll(MicronautJunit5Extension.java:83)
	at app//org.junit.jupiter.engine.descriptor.ClassBasedTestDescriptor.lambda$invokeBeforeAllCallbacks$12(ClassBasedTestDescriptor.java:395)
	at app//org.junit.platform.engine.support.hierarchical.ThrowableCollector.execute(ThrowableCollector.java:73)
	at app//org.junit.jupiter.engine.descriptor.ClassBasedTestDescriptor.invokeBeforeAllCallbacks(ClassBasedTestDescriptor.java:395)
	at app//org.junit.jupiter.engine.descriptor.ClassBasedTestDescriptor.before(ClassBasedTestDescriptor.java:211)
	at app//org.junit.jupiter.engine.descriptor.ClassBasedTestDescriptor.before(ClassBasedTestDescriptor.java:84)
	at app//org.junit.platform.engine.support.hierarchical.NodeTestTask.lambda$executeRecursively$6(NodeTestTask.java:148)
	at app//org.junit.platform.engine.support.hierarchical.ThrowableCollector.execute(ThrowableCollector.java:73)
	at app//org.junit.platform.engine.support.hierarchical.NodeTestTask.lambda$executeRecursively$8(NodeTestTask.java:141)
	at app//org.junit.platform.engine.support.hierarchical.Node.around(Node.java:137)
	at app//org.junit.platform.engine.support.hierarchical.NodeTestTask.lambda$executeRecursively$9(NodeTestTask.java:139)
	at app//org.junit.platform.engine.support.hierarchical.ThrowableCollector.execute(ThrowableCollector.java:73)
	at app//org.junit.platform.engine.support.hierarchical.NodeTestTask.executeRecursively(NodeTestTask.java:138)
	at app//org.junit.platform.engine.support.hierarchical.NodeTestTask.execute(NodeTestTask.java:95)
	at java.base@11.0.15/java.util.ArrayList.forEach(ArrayList.java:1541)
	at app//org.junit.platform.engine.support.hierarchical.SameThreadHierarchicalTestExecutorService.invokeAll(SameThreadHierarchicalTestExecutorService.java:41)
	at app//org.junit.platform.engine.support.hierarchical.NodeTestTask.lambda$executeRecursively$6(NodeTestTask.java:155)
	at app//org.junit.platform.engine.support.hierarchical.ThrowableCollector.execute(ThrowableCollector.java:73)
	at app//org.junit.platform.engine.support.hierarchical.NodeTestTask.lambda$executeRecursively$8(NodeTestTask.java:141)
	at app//org.junit.platform.engine.support.hierarchical.Node.around(Node.java:137)
	at app//org.junit.platform.engine.support.hierarchical.NodeTestTask.lambda$executeRecursively$9(NodeTestTask.java:139)
	at app//org.junit.platform.engine.support.hierarchical.ThrowableCollector.execute(ThrowableCollector.java:73)
	at app//org.junit.platform.engine.support.hierarchical.NodeTestTask.executeRecursively(NodeTestTask.java:138)
	at app//org.junit.platform.engine.support.hierarchical.NodeTestTask.execute(NodeTestTask.java:95)
	at app//org.junit.platform.engine.support.hierarchical.SameThreadHierarchicalTestExecutorService.submit(SameThreadHierarchicalTestExecutorService.java:35)
	at app//org.junit.platform.engine.support.hierarchical.HierarchicalTestExecutor.execute(HierarchicalTestExecutor.java:57)
	at app//org.junit.platform.engine.support.hierarchical.HierarchicalTestEngine.execute(HierarchicalTestEngine.java:54)
	at app//org.junit.platform.launcher.core.EngineExecutionOrchestrator.execute(EngineExecutionOrchestrator.java:147)
	at app//org.junit.platform.launcher.core.EngineExecutionOrchestrator.execute(EngineExecutionOrchestrator.java:127)
	at app//org.junit.platform.launcher.core.EngineExecutionOrchestrator.execute(EngineExecutionOrchestrator.java:90)
	at app//org.junit.platform.launcher.core.EngineExecutionOrchestrator.lambda$execute$0(EngineExecutionOrchestrator.java:55)
	at app//org.junit.platform.launcher.core.EngineExecutionOrchestrator.withInterceptedStreams(EngineExecutionOrchestrator.java:102)
	at app//org.junit.platform.launcher.core.EngineExecutionOrchestrator.execute(EngineExecutionOrchestrator.java:54)
	at app//org.junit.platform.launcher.core.DefaultLauncher.execute(DefaultLauncher.java:114)
	at app//org.junit.platform.launcher.core.DefaultLauncher.execute(DefaultLauncher.java:86)
	at app//org.junit.platform.launcher.core.DefaultLauncherSession$DelegatingLauncher.execute(DefaultLauncherSession.java:86)
	at app//org.junit.platform.launcher.core.SessionPerRequestLauncher.execute(SessionPerRequestLauncher.java:53)
	at org.gradle.api.internal.tasks.testing.junitplatform.JUnitPlatformTestClassProcessor$CollectAllTestClassesExecutor.processAllTestClasses(JUnitPlatformTestClassProcessor.java:99)
	at org.gradle.api.internal.tasks.testing.junitplatform.JUnitPlatformTestClassProcessor$CollectAllTestClassesExecutor.access$000(JUnitPlatformTestClassProcessor.java:79)
	at org.gradle.api.internal.tasks.testing.junitplatform.JUnitPlatformTestClassProcessor.stop(JUnitPlatformTestClassProcessor.java:75)
	at org.gradle.api.internal.tasks.testing.SuiteTestClassProcessor.stop(SuiteTestClassProcessor.java:61)
	at java.base@11.0.15/jdk.internal.reflect.NativeMethodAccessorImpl.invoke0(Native Method)
	at java.base@11.0.15/jdk.internal.reflect.NativeMethodAccessorImpl.invoke(NativeMethodAccessorImpl.java:62)
	at java.base@11.0.15/jdk.internal.reflect.DelegatingMethodAccessorImpl.invoke(DelegatingMethodAccessorImpl.java:43)
	at java.base@11.0.15/java.lang.reflect.Method.invoke(Method.java:566)
	at org.gradle.internal.dispatch.ReflectionDispatch.dispatch(ReflectionDispatch.java:36)
	at org.gradle.internal.dispatch.ReflectionDispatch.dispatch(ReflectionDispatch.java:24)
	at org.gradle.internal.dispatch.ContextClassLoaderDispatch.dispatch(ContextClassLoaderDispatch.java:33)
	at org.gradle.internal.dispatch.ProxyDispatchAdapter$DispatchingInvocationHandler.invoke(ProxyDispatchAdapter.java:94)
	at com.sun.proxy.$Proxy2.stop(Unknown Source)
	at org.gradle.api.internal.tasks.testing.worker.TestWorker$3.run(TestWorker.java:193)
	at org.gradle.api.internal.tasks.testing.worker.TestWorker.executeAndMaintainThreadName(TestWorker.java:129)
	at org.gradle.api.internal.tasks.testing.worker.TestWorker.execute(TestWorker.java:100)
	at org.gradle.api.internal.tasks.testing.worker.TestWorker.execute(TestWorker.java:60)
	at org.gradle.process.internal.worker.child.ActionExecutionWorker.execute(ActionExecutionWorker.java:56)
	at org.gradle.process.internal.worker.child.SystemApplicationClassLoaderWorker.call(SystemApplicationClassLoaderWorker.java:133)
	at org.gradle.process.internal.worker.child.SystemApplicationClassLoaderWorker.call(SystemApplicationClassLoaderWorker.java:71)
	at app//worker.org.gradle.process.internal.worker.GradleWorkerMain.run(GradleWorkerMain.java:69)
	at app//worker.org.gradle.process.internal.worker.GradleWorkerMain.main(GradleWorkerMain.java:74)
Caused by: io.micronaut.context.exceptions.BeanInstantiationException: Error instantiating bean of type  [org.hibernate.boot.SessionFactoryBuilder]

Message: Entities not found for JPA configuration: 'default' within packages [org.junit.jupiter.engine.descriptor,com.exercicio]. Check that you have correctly specified a package containing JPA entities within the &quot;jpa.default.entity-scan.packages&quot; property in your application configuration and that those entities are either compiled with Micronaut or a build time index produced with @Introspected(packages=&quot;foo.bar&quot;, includedAnnotations=Entity.class) declared on your Application class
Path Taken: SessionFactory.buildHibernateSessionFactoryBuilder(SessionFactoryBuilder sessionFactoryBuilder) --&gt; SessionFactory.buildHibernateSessionFactoryBuilder([SessionFactoryBuilder sessionFactoryBuilder]) --&gt; SessionFactoryBuilder.buildHibernateSessionFactoryBuilder([Metadata metadata],JpaConfiguration jpaConfiguration,String name)
	at app//io.micronaut.context.DefaultBeanContext.resolveByBeanFactory(DefaultBeanContext.java:2367)
	at app//io.micronaut.context.DefaultBeanContext.doCreateBean(DefaultBeanContext.java:2305)
	at app//io.micronaut.context.DefaultBeanContext.doCreateBean(DefaultBeanContext.java:2251)
	at app//io.micronaut.context.DefaultBeanContext.createRegistration(DefaultBeanContext.java:3016)
	at app//io.micronaut.context.SingletonScope.getOrCreate(SingletonScope.java:80)
	at app//io.micronaut.context.DefaultBeanContext.findOrCreateSingletonBeanRegistration(DefaultBeanContext.java:2918)
	at app//io.micronaut.context.DefaultBeanContext.resolveBeanRegistration(DefaultBeanContext.java:2879)
	at app//io.micronaut.context.DefaultBeanContext.resolveBeanRegistration(DefaultBeanContext.java:2800)
	at app//io.micronaut.context.DefaultBeanContext.getBean(DefaultBeanContext.java:1617)
	at app//io.micronaut.context.AbstractBeanResolutionContext.getBean(AbstractBeanResolutionContext.java:66)
	at app//io.micronaut.context.AbstractInitializableBeanDefinition.resolveBean(AbstractInitializableBeanDefinition.java:2065)
	at app//io.micronaut.context.AbstractInitializableBeanDefinition.getBeanForConstructorArgument(AbstractInitializableBeanDefinition.java:1297)
	at app//io.micronaut.configuration.hibernate.jpa.conf.$SessionFactoryPerDataSourceFactory$BuildHibernateSessionFactoryBuilder3$Definition.doBuild(Unknown Source)
	at app//io.micronaut.context.AbstractInitializableBeanDefinition.build(AbstractInitializableBeanDefinition.java:769)
	at app//io.micronaut.context.BeanDefinitionDelegate.build(BeanDefinitionDelegate.java:158)
	at app//io.micronaut.context.DefaultBeanContext.resolveByBeanFactory(DefaultBeanContext.java:2354)
	at app//io.micronaut.context.DefaultBeanContext.doCreateBean(DefaultBeanContext.java:2305)
	at app//io.micronaut.context.DefaultBeanContext.doCreateBean(DefaultBeanContext.java:2251)
	at app//io.micronaut.context.DefaultBeanContext.createRegistration(DefaultBeanContext.java:3016)
	at app//io.micronaut.context.SingletonScope.getOrCreate(SingletonScope.java:80)
	at app//io.micronaut.context.DefaultBeanContext.findOrCreateSingletonBeanRegistration(DefaultBeanContext.java:2918)
	at app//io.micronaut.context.DefaultBeanContext.resolveBeanRegistration(DefaultBeanContext.java:2879)
	at app//io.micronaut.context.DefaultBeanContext.resolveBeanRegistration(DefaultBeanContext.java:2800)
	at app//io.micronaut.context.DefaultBeanContext.getBean(DefaultBeanContext.java:1617)
	at app//io.micronaut.context.AbstractBeanResolutionContext.getBean(AbstractBeanResolutionContext.java:66)
	at app//io.micronaut.context.AbstractInitializableBeanDefinition.resolveBean(AbstractInitializableBeanDefinition.java:2065)
	at app//io.micronaut.context.AbstractInitializableBeanDefinition.getBeanForConstructorArgument(AbstractInitializableBeanDefinition.java:1297)
	at app//io.micronaut.configuration.hibernate.jpa.conf.$SessionFactoryPerDataSourceFactory$BuildHibernateSessionFactoryBuilder4$Definition.build(Unknown Source)
	at app//io.micronaut.context.BeanDefinitionDelegate.build(BeanDefinitionDelegate.java:161)
	at app//io.micronaut.context.DefaultBeanContext.resolveByBeanFactory(DefaultBeanContext.java:2354)
	at app//io.micronaut.context.DefaultBeanContext.doCreateBean(DefaultBeanContext.java:2305)
	at app//io.micronaut.context.DefaultBeanContext.doCreateBean(DefaultBeanContext.java:2251)
	at app//io.micronaut.context.DefaultBeanContext.createRegistration(DefaultBeanContext.java:3016)
	at app//io.micronaut.context.SingletonScope.getOrCreate(SingletonScope.java:80)
	at app//io.micronaut.context.DefaultBeanContext.findOrCreateSingletonBeanRegistration(DefaultBeanContext.java:2918)
	at app//io.micronaut.context.DefaultBeanContext.loadContextScopeBean(DefaultBeanContext.java:2737)
	at app//io.micronaut.context.DefaultBeanContext.initializeContext(DefaultBeanContext.java:1915)
	... 66 more
Caused by: io.micronaut.context.exceptions.ConfigurationException: Entities not found for JPA configuration: 'default' within packages [org.junit.jupiter.engine.descriptor,com.exercicio]. Check that you have correctly specified a package containing JPA entities within the &quot;jpa.default.entity-scan.packages&quot; property in your application configuration and that those entities are either compiled with Micronaut or a build time index produced with @Introspected(packages=&quot;foo.bar&quot;, includedAnnotations=Entity.class) declared on your Application class
	at app//io.micronaut.configuration.hibernate.jpa.conf.AbstractHibernateFactory.buildMetadata(AbstractHibernateFactory.java:90)
	at app//io.micronaut.configuration.hibernate.jpa.conf.SessionFactoryPerDataSourceFactory.buildMetadata(SessionFactoryPerDataSourceFactory.java:88)
	at app//io.micronaut.configuration.hibernate.jpa.conf.$SessionFactoryPerDataSourceFactory$BuildMetadata2$Definition.doBuild(Unknown Source)
	at app//io.micronaut.context.AbstractInitializableBeanDefinition.build(AbstractInitializableBeanDefinition.java:769)
	at app//io.micronaut.context.BeanDefinitionDelegate.build(BeanDefinitionDelegate.java:158)
	at app//io.micronaut.context.DefaultBeanContext.resolveByBeanFactory(DefaultBeanContext.java:2354)
	... 102 more
</failure>
  </testcase>
  <system-out><![CDATA[?[36m08:11:34.947?[0;39m ?[1;30m[Test worker]?[0;39m ?[34mINFO ?[0;39m ?[35mi.m.context.env.DefaultEnvironment?[0;39m - Established active environments: [test]
?[36m08:11:36.392?[0;39m ?[1;30m[Test worker]?[0;39m ?[34mINFO ?[0;39m ?[35morg.hibernate.Version?[0;39m - HHH000412: Hibernate ORM core version 5.6.10.Final
?[36m08:11:57.693?[0;39m ?[1;30m[Test worker]?[0;39m ?[34mINFO ?[0;39m ?[35mcom.zaxxer.hikari.HikariDataSource?[0;39m - HikariPool-1 - Starting...
?[36m08:11:57.966?[0;39m ?[1;30m[Test worker]?[0;39m ?[34mINFO ?[0;39m ?[35mcom.zaxxer.hikari.HikariDataSource?[0;39m - HikariPool-1 - Start completed.
]]></system-out>
  <system-err><![CDATA[]]></system-err>
</testsuite>
